{"/Users/kimsavinfo/Dropbox/epsi/I4/web_service/Interface_2037_Ready_for_inquiry/models/questions.js":{"path":"/Users/kimsavinfo/Dropbox/epsi/I4/web_service/Interface_2037_Ready_for_inquiry/models/questions.js","s":{"1":1,"2":1},"b":{},"f":{"1":1},"fnMap":{"1":{"name":"(anonymous_1)","line":3,"loc":{"start":{"line":3,"column":18},"end":{"line":3,"column":36}}}},"statementMap":{"1":{"start":{"line":1,"column":0},"end":{"line":8,"column":0}},"2":{"start":{"line":4,"column":2},"end":{"line":4,"column":66}}},"branchMap":{}}}